        -:    0:Source:/home/octav/CLionProjects/CoffeeShopMaterials/main.c
        -:    0:Graph:/home/octav/CLionProjects/CoffeeShopMaterials/cmake-build-debug-coverage/CMakeFiles/CoffeeShop_Materials.dir/main.c.gcno
        -:    0:Data:/home/octav/CLionProjects/CoffeeShopMaterials/cmake-build-debug-coverage/CMakeFiles/CoffeeShop_Materials.dir/main.c.gcda
        -:    0:Runs:1
        -:    1:#include <stdio.h>
        -:    2:#include "ui.h"
        -:    3:
        -:    4:void runAllTests();
        -:    5:
function main called 1 returned 100% blocks executed 100%
        1:    6:int main() {
        1:    7:    runAllTests();
        1:    7-block  0
call    0 returned 1
        -:    8://    CoffeeShop coffeeShop = createCoffeeShop();
        -:    9://    runUI(&coffeeShop);
        1:   10:    return 0;
        -:   11:}
        -:   12:
function runAllTests called 1 returned 100% blocks executed 100%
        1:   13:void runAllTests() {
        1:   14:    testCreateDestroy();
        1:   14-block  0
call    0 returned 1
        1:   15:    testCopy();
call    0 returned 1
        1:   16:    testValidate();
call    0 returned 1
        1:   17:    testCreateDestroyList();
call    0 returned 1
        1:   18:    testCRUDList();
call    0 returned 1
        1:   19:    testCopyList();
call    0 returned 1
        1:   20:    testCreateCoffeeShop();
call    0 returned 1
        1:   21:    testCRUDService();
call    0 returned 1
        1:   22:    testUndo();
call    0 returned 1
        1:   23:    testFiltering();
call    0 returned 1
        1:   24:    testSorting();
call    0 returned 1
        1:   25:}
