        -:    0:Source:/home/octav/CLionProjects/CoffeeShopMaterials/ui.c
        -:    0:Graph:/home/octav/CLionProjects/CoffeeShopMaterials/cmake-build-debug-coverage/CMakeFiles/CoffeeShop_Materials.dir/ui.c.gcno
        -:    0:Data:/home/octav/CLionProjects/CoffeeShopMaterials/cmake-build-debug-coverage/CMakeFiles/CoffeeShop_Materials.dir/ui.c.gcda
        -:    0:Runs:1
        -:    1:#include <stdio.h>
        -:    2:#include "ui.h"
        -:    3:
function printMenu called 0 returned 0% blocks executed 0%
    #####:    4:void printMenu() {
    #####:    5:    printf("1.Add\n2.Update\n3.Delete\n4.PrintAll\n5.PrintFilterLessQt\n6.PrintFilterStartingLetter\n7.PrintAllQuantityName\n0.Exit\n");
    %%%%%:    5-block  0
call    0 never executed
    #####:    6:}
        -:    7:
function printList called 0 returned 0% blocks executed 0%
    #####:    8:void printList(List* list) {
    #####:    9:    if (size(list) == 0) {
    %%%%%:    9-block  0
call    0 never executed
branch  1 never executed
branch  2 never executed
    #####:   10:        printf("There are no elements in the list \n");
    %%%%%:   10-block  0
call    0 never executed
    #####:   11:        return;
        -:   12:    }
    #####:   13:    for (int i = 0; i < size(list); i++) {
    %%%%%:   13-block  0
    %%%%%:   13-block  1
call    0 never executed
branch  1 never executed
branch  2 never executed
    #####:   14:        Material * material = get(list,i);
    %%%%%:   14-block  0
call    0 never executed
    #####:   15:        printf("Material %d : Name %s | Producer %s | Quantity %d \n", i + 1,material->name,material->producer,material->quantity);
call    0 never executed
        -:   16:    }
        -:   17:}
        -:   18:
function printMaterialList called 0 returned 0% blocks executed 0%
    #####:   19:void printMaterialList(CoffeeShop* coffeeShop) {
    #####:   20:    printList(coffeeShop->materialList);
    %%%%%:   20-block  0
call    0 never executed
    #####:   21:}
        -:   22:
function addMaterialUI called 0 returned 0% blocks executed 0%
    #####:   23:void addMaterialUI(CoffeeShop* coffeeShop){
        -:   24:    char name[50], producer[50];
    #####:   25:    int quantity = 0;
    #####:   26:    name[0] = '\0';
    #####:   27:    producer[0] = '\0';
    #####:   28:    printf("Name : ");
    %%%%%:   28-block  0
call    0 never executed
    #####:   29:    scanf("%s", name);
call    0 never executed
    #####:   30:    printf("Producer : ");
call    0 never executed
    #####:   31:    scanf("%s", producer);
call    0 never executed
    #####:   32:    printf("Quantity : ");
call    0 never executed
    #####:   33:    scanf("%d", &quantity);
call    0 never executed
    #####:   34:    int res = addMaterial(coffeeShop,name,producer,quantity);
call    0 never executed
    #####:   35:    if (res != 0)
branch  0 never executed
branch  1 never executed
    #####:   36:        printf("There was an error ! \n");
    %%%%%:   36-block  0
call    0 never executed
        -:   37:    else
    #####:   38:        printf("Operation succeded ! \n");
    %%%%%:   38-block  0
call    0 never executed
    #####:   39:}
        -:   40:
function updateMaterialUI called 0 returned 0% blocks executed 0%
    #####:   41:void updateMaterialUI(CoffeeShop* coffeeShop) {
    #####:   42:    printMaterialList(coffeeShop);
    %%%%%:   42-block  0
call    0 never executed
        -:   43:    char name[50], producer[50];
    #####:   44:    int quantity = 0, pos = 0;
    #####:   45:    name[0] = '\0';
    #####:   46:    producer[0] = '\0';
    #####:   47:    printf("Position : ");
call    0 never executed
    #####:   48:    scanf("%d", &pos);
call    0 never executed
    #####:   49:    printf("Name : ");
call    0 never executed
    #####:   50:    scanf("%s", name);
call    0 never executed
    #####:   51:    printf("Producer : ");
call    0 never executed
    #####:   52:    scanf("%s", producer);
call    0 never executed
    #####:   53:    printf("Quantity : ");
call    0 never executed
    #####:   54:    scanf("%d", &quantity);
call    0 never executed
    #####:   55:    int res = updateMaterial(coffeeShop,pos - 1,name,producer,quantity);
call    0 never executed
    #####:   56:    if (res != 0)
branch  0 never executed
branch  1 never executed
    #####:   57:        printf("There was an error ! \n");
    %%%%%:   57-block  0
call    0 never executed
        -:   58:    else
    #####:   59:        printf("Operation succeded ! \n");
    %%%%%:   59-block  0
call    0 never executed
    #####:   60:}
        -:   61:
function removeMaterialUI called 0 returned 0% blocks executed 0%
    #####:   62:void removeMaterialUI(CoffeeShop* coffeeShop) {
    #####:   63:    int pos = 0;
    #####:   64:    printf("Position : ");
    %%%%%:   64-block  0
call    0 never executed
    #####:   65:    scanf("%d", &pos);
call    0 never executed
    #####:   66:    int res = removeMaterial(coffeeShop,pos - 1);
call    0 never executed
    #####:   67:    if (res != 0)
branch  0 never executed
branch  1 never executed
    #####:   68:        printf("There was an error ! \n");
    %%%%%:   68-block  0
call    0 never executed
        -:   69:    else
    #####:   70:        printf("Operation succeded ! \n");
    %%%%%:   70-block  0
call    0 never executed
    #####:   71:}
        -:   72:
function filterLessQuantityUI called 0 returned 0% blocks executed 0%
    #####:   73:void filterLessQuantityUI(CoffeeShop* coffeeShop) {
    #####:   74:    int quantity = 0;
    #####:   75:    printMaterialList(coffeeShop);
    %%%%%:   75-block  0
call    0 never executed
    #####:   76:    printf("Quantity : ");
call    0 never executed
    #####:   77:    scanf("%d", &quantity);
call    0 never executed
    #####:   78:    List * filterResult = getMaterialsWithLessQuantity(coffeeShop, quantity);
call    0 never executed
    #####:   79:    printList(filterResult);
call    0 never executed
    #####:   80:    destroyList(filterResult);
call    0 never executed
    #####:   81:}
        -:   82:
function filterStartingLetterUI called 0 returned 0% blocks executed 0%
    #####:   83:void filterStartingLetterUI(CoffeeShop* coffeeShop) {
    #####:   84:    char letter = '\0';
    #####:   85:    printf("Letter : ");
    %%%%%:   85-block  0
call    0 never executed
    #####:   86:    scanf("%c", &letter);
call    0 never executed
    #####:   87:    List *filterResult = getAllMaterialssWithStartingLetter(coffeeShop,letter);
call    0 never executed
    #####:   88:    printList(filterResult);
call    0 never executed
    #####:   89:    destroyList(filterResult);
call    0 never executed
    #####:   90:}
        -:   91:
function printAllQuantityNameUI called 0 returned 0% blocks executed 0%
    #####:   92:void printAllQuantityNameUI(CoffeeShop* coffeeShop) {
        -:   93:    char name[50];
    #####:   94:    name[0] = '\0';
    #####:   95:    printf("Name : ");
    %%%%%:   95-block  0
call    0 never executed
    #####:   96:    scanf("%s", name);
call    0 never executed
    #####:   97:    int res = getAllMaterialsByName(coffeeShop,name);
call    0 never executed
    #####:   98:    printf("The quantity for the selected material is : %d \n", res);
call    0 never executed
    #####:   99:}
        -:  100:
function undoUI called 0 returned 0% blocks executed 0%
    #####:  101:void undoUI(CoffeeShop* coffeeShop) {
    #####:  102:    int res = undo(coffeeShop);
    %%%%%:  102-block  0
call    0 never executed
    #####:  103:    if (res != 0)
branch  0 never executed
branch  1 never executed
    #####:  104:        printf("There was an error ! \n");
    %%%%%:  104-block  0
call    0 never executed
        -:  105:    else
    #####:  106:        printf("Operation succeded ! \n");
    %%%%%:  106-block  0
call    0 never executed
    #####:  107:}
        -:  108:
function runUI called 0 returned 0% blocks executed 0%
    #####:  109:void runUI(CoffeeShop* coffeeShop) {
    #####:  110:    int running = 1;
    #####:  111:    while (running) {
    %%%%%:  111-block  0
    %%%%%:  111-block  1
branch  0 never executed
branch  1 never executed
    #####:  112:        printMenu();
    %%%%%:  112-block  0
call    0 never executed
        -:  113:        int cmd;
    #####:  114:        printf("Choose option : ");
call    0 never executed
    #####:  115:        scanf("%d", &cmd);
call    0 never executed
    #####:  116:        switch (cmd) {
branch  0 never executed
branch  1 never executed
branch  2 never executed
branch  3 never executed
branch  4 never executed
branch  5 never executed
branch  6 never executed
branch  7 never executed
branch  8 never executed
branch  9 never executed
    #####:  117:            case 1: {
    #####:  118:                addMaterialUI(coffeeShop);
    %%%%%:  118-block  0
call    0 never executed
    #####:  119:                break;
        -:  120:            }
    #####:  121:            case 2: {
    #####:  122:                updateMaterialUI(coffeeShop);
    %%%%%:  122-block  0
call    0 never executed
    #####:  123:                break;
        -:  124:            }
    #####:  125:            case 3: {
    #####:  126:                removeMaterialUI(coffeeShop);
    %%%%%:  126-block  0
call    0 never executed
    #####:  127:                break;
        -:  128:            }
    #####:  129:            case 4: {
    #####:  130:                printMaterialList(coffeeShop);
    %%%%%:  130-block  0
call    0 never executed
    #####:  131:                break;
        -:  132:            }
    #####:  133:            case 5: {
    #####:  134:                filterLessQuantityUI(coffeeShop);
    %%%%%:  134-block  0
call    0 never executed
    #####:  135:                break;
        -:  136:            }
    #####:  137:            case 6: {
    #####:  138:                filterStartingLetterUI(coffeeShop);
    %%%%%:  138-block  0
call    0 never executed
    #####:  139:                break;
        -:  140:            }
    #####:  141:            case 7: {
    #####:  142:                printAllQuantityNameUI(coffeeShop);
    %%%%%:  142-block  0
call    0 never executed
    #####:  143:                break;
        -:  144:            }
    #####:  145:            case 8: {
    #####:  146:                undoUI(coffeeShop);
    %%%%%:  146-block  0
call    0 never executed
    #####:  147:                break;
        -:  148:            }
    #####:  149:            case 0: {
    #####:  150:                printf("Bye !");
    %%%%%:  150-block  0
call    0 never executed
    #####:  151:                destroyCoffeeShop(coffeeShop);
call    0 never executed
    #####:  152:                running = 0;
    #####:  153:                break;
        -:  154:            }
    #####:  155:            default: {
    #####:  156:                continue;
    %%%%%:  156-block  0
        -:  157:            }
        -:  158:        }
        -:  159:    }
    #####:  160:}
